<?xml version="1.0" encoding="UTF-8"?>
<!-- Generated by org.testng.reporters.JUnitXMLReporter -->
<testsuite ignored="0" hostname="DESKTOP-VT7DEF7" failures="0" tests="1" name="Test2" time="0.019" errors="0" timestamp="2024-09-26T17:04:48 IST">
  <testcase classname="Parameterr.ParameterDemo" name="@BeforeMethod aFMethod" time="0.0">
    <failure type="java.lang.NullPointerException" message="Cannot invoke &amp;quot;org.openqa.selenium.WebDriver.quit()&amp;quot; because &amp;quot;this.driver&amp;quot; is null">
      <![CDATA[java.lang.NullPointerException: Cannot invoke "org.openqa.selenium.WebDriver.quit()" because "this.driver" is null
at Parameterr.ParameterDemo.aFMethod(ParameterDemo.java:59)
at java.base/java.util.ArrayList.forEach(ArrayList.java:1511)
... Removed 31 stack frames]]>
    </failure>
  </testcase> <!-- @BeforeMethod aFMethod -->
  <testcase classname="Parameterr.ParameterDemo" name="@BeforeMethod bFMethod" time="-1.727350488119E9">
    <skipped/>
  </testcase> <!-- @BeforeMethod bFMethod -->
  <testcase classname="Parameterr.ParameterDemo" name="testMethod" time="0.0">
    <skipped/>
  </testcase> <!-- testMethod -->
</testsuite> <!-- Test2 -->
